{"total": {"lines":{"total":555,"covered":279,"skipped":0,"pct":50.27},"statements":{"total":654,"covered":315,"skipped":0,"pct":48.16},"functions":{"total":162,"covered":60,"skipped":0,"pct":37.03},"branches":{"total":425,"covered":182,"skipped":0,"pct":42.82},"branchesTrue":{"total":0,"covered":0,"skipped":0,"pct":100}}
,"/Users/bwise/important_files/projects/autoboat/website/src/App.tsx": {"lines":{"total":20,"covered":0,"skipped":0,"pct":0},"functions":{"total":7,"covered":0,"skipped":0,"pct":0},"statements":{"total":26,"covered":0,"skipped":0,"pct":0},"branches":{"total":10,"covered":0,"skipped":0,"pct":0}}
,"/Users/bwise/important_files/projects/autoboat/website/src/components/BoatDetails.tsx": {"lines":{"total":6,"covered":6,"skipped":0,"pct":100},"functions":{"total":2,"covered":2,"skipped":0,"pct":100},"statements":{"total":6,"covered":6,"skipped":0,"pct":100},"branches":{"total":10,"covered":9,"skipped":0,"pct":90}}
,"/Users/bwise/important_files/projects/autoboat/website/src/components/BoatMarker.tsx": {"lines":{"total":13,"covered":0,"skipped":0,"pct":0},"functions":{"total":3,"covered":0,"skipped":0,"pct":0},"statements":{"total":15,"covered":0,"skipped":0,"pct":0},"branches":{"total":10,"covered":0,"skipped":0,"pct":0}}
,"/Users/bwise/important_files/projects/autoboat/website/src/components/BoatPanel.tsx": {"lines":{"total":8,"covered":6,"skipped":0,"pct":75},"functions":{"total":3,"covered":1,"skipped":0,"pct":33.33},"statements":{"total":8,"covered":6,"skipped":0,"pct":75},"branches":{"total":7,"covered":4,"skipped":0,"pct":57.14}}
,"/Users/bwise/important_files/projects/autoboat/website/src/components/BoatTrends.tsx": {"lines":{"total":4,"covered":2,"skipped":0,"pct":50},"functions":{"total":1,"covered":0,"skipped":0,"pct":0},"statements":{"total":4,"covered":2,"skipped":0,"pct":50},"branches":{"total":0,"covered":0,"skipped":0,"pct":100}}
,"/Users/bwise/important_files/projects/autoboat/website/src/components/Card.tsx": {"lines":{"total":1,"covered":1,"skipped":0,"pct":100},"functions":{"total":1,"covered":1,"skipped":0,"pct":100},"statements":{"total":1,"covered":1,"skipped":0,"pct":100},"branches":{"total":4,"covered":4,"skipped":0,"pct":100}}
,"/Users/bwise/important_files/projects/autoboat/website/src/components/Footer.tsx": {"lines":{"total":7,"covered":7,"skipped":0,"pct":100},"functions":{"total":2,"covered":2,"skipped":0,"pct":100},"statements":{"total":7,"covered":7,"skipped":0,"pct":100},"branches":{"total":3,"covered":3,"skipped":0,"pct":100}}
,"/Users/bwise/important_files/projects/autoboat/website/src/components/Gallery.tsx": {"lines":{"total":3,"covered":0,"skipped":0,"pct":0},"functions":{"total":3,"covered":0,"skipped":0,"pct":0},"statements":{"total":3,"covered":0,"skipped":0,"pct":0},"branches":{"total":3,"covered":0,"skipped":0,"pct":0}}
,"/Users/bwise/important_files/projects/autoboat/website/src/components/Header.tsx": {"lines":{"total":20,"covered":0,"skipped":0,"pct":0},"functions":{"total":10,"covered":0,"skipped":0,"pct":0},"statements":{"total":25,"covered":0,"skipped":0,"pct":0},"branches":{"total":18,"covered":0,"skipped":0,"pct":0}}
,"/Users/bwise/important_files/projects/autoboat/website/src/components/Hyperlink.tsx": {"lines":{"total":10,"covered":0,"skipped":0,"pct":0},"functions":{"total":2,"covered":0,"skipped":0,"pct":0},"statements":{"total":10,"covered":0,"skipped":0,"pct":0},"branches":{"total":21,"covered":0,"skipped":0,"pct":0}}
,"/Users/bwise/important_files/projects/autoboat/website/src/components/ImageModal.tsx": {"lines":{"total":27,"covered":0,"skipped":0,"pct":0},"functions":{"total":11,"covered":0,"skipped":0,"pct":0},"statements":{"total":36,"covered":0,"skipped":0,"pct":0},"branches":{"total":19,"covered":0,"skipped":0,"pct":0}}
,"/Users/bwise/important_files/projects/autoboat/website/src/components/TrendPlot.tsx": {"lines":{"total":46,"covered":7,"skipped":0,"pct":15.21},"functions":{"total":11,"covered":0,"skipped":0,"pct":0},"statements":{"total":50,"covered":7,"skipped":0,"pct":14},"branches":{"total":21,"covered":0,"skipped":0,"pct":0}}
,"/Users/bwise/important_files/projects/autoboat/website/src/components/Waypoints.tsx": {"lines":{"total":12,"covered":12,"skipped":0,"pct":100},"functions":{"total":4,"covered":4,"skipped":0,"pct":100},"statements":{"total":14,"covered":13,"skipped":0,"pct":92.85},"branches":{"total":7,"covered":6,"skipped":0,"pct":85.71}}
,"/Users/bwise/important_files/projects/autoboat/website/src/hooks/useBoatHistory.ts": {"lines":{"total":26,"covered":26,"skipped":0,"pct":100},"functions":{"total":5,"covered":5,"skipped":0,"pct":100},"statements":{"total":31,"covered":30,"skipped":0,"pct":96.77},"branches":{"total":8,"covered":7,"skipped":0,"pct":87.5}}
,"/Users/bwise/important_files/projects/autoboat/website/src/hooks/useTheme.ts": {"lines":{"total":15,"covered":0,"skipped":0,"pct":0},"functions":{"total":5,"covered":0,"skipped":0,"pct":0},"statements":{"total":19,"covered":0,"skipped":0,"pct":0},"branches":{"total":14,"covered":0,"skipped":0,"pct":0}}
,"/Users/bwise/important_files/projects/autoboat/website/src/lib/telemetry.ts": {"lines":{"total":105,"covered":95,"skipped":0,"pct":90.47},"functions":{"total":17,"covered":17,"skipped":0,"pct":100},"statements":{"total":120,"covered":109,"skipped":0,"pct":90.83},"branches":{"total":96,"covered":85,"skipped":0,"pct":88.54}}
,"/Users/bwise/important_files/projects/autoboat/website/src/lib/vtColors.ts": {"lines":{"total":13,"covered":1,"skipped":0,"pct":7.69},"functions":{"total":2,"covered":0,"skipped":0,"pct":0},"statements":{"total":16,"covered":1,"skipped":0,"pct":6.25},"branches":{"total":4,"covered":0,"skipped":0,"pct":0}}
,"/Users/bwise/important_files/projects/autoboat/website/src/pages/Fleet.tsx": {"lines":{"total":74,"covered":0,"skipped":0,"pct":0},"functions":{"total":24,"covered":0,"skipped":0,"pct":0},"statements":{"total":86,"covered":0,"skipped":0,"pct":0},"branches":{"total":67,"covered":0,"skipped":0,"pct":0}}
,"/Users/bwise/important_files/projects/autoboat/website/src/pages/Gallery.tsx": {"lines":{"total":5,"covered":0,"skipped":0,"pct":0},"functions":{"total":4,"covered":0,"skipped":0,"pct":0},"statements":{"total":5,"covered":0,"skipped":0,"pct":0},"branches":{"total":0,"covered":0,"skipped":0,"pct":100}}
,"/Users/bwise/important_files/projects/autoboat/website/src/pages/Home.tsx": {"lines":{"total":2,"covered":0,"skipped":0,"pct":0},"functions":{"total":2,"covered":0,"skipped":0,"pct":0},"statements":{"total":2,"covered":0,"skipped":0,"pct":0},"branches":{"total":0,"covered":0,"skipped":0,"pct":100}}
,"/Users/bwise/important_files/projects/autoboat/website/src/pages/LiveMap.tsx": {"lines":{"total":126,"covered":116,"skipped":0,"pct":92.06},"functions":{"total":32,"covered":28,"skipped":0,"pct":87.5},"statements":{"total":157,"covered":133,"skipped":0,"pct":84.71},"branches":{"total":93,"covered":64,"skipped":0,"pct":68.81}}
,"/Users/bwise/important_files/projects/autoboat/website/src/pages/OurTeam.tsx": {"lines":{"total":10,"covered":0,"skipped":0,"pct":0},"functions":{"total":8,"covered":0,"skipped":0,"pct":0},"statements":{"total":11,"covered":0,"skipped":0,"pct":0},"branches":{"total":6,"covered":0,"skipped":0,"pct":0}}
,"/Users/bwise/important_files/projects/autoboat/website/src/pages/Sponsors.tsx": {"lines":{"total":2,"covered":0,"skipped":0,"pct":0},"functions":{"total":3,"covered":0,"skipped":0,"pct":0},"statements":{"total":2,"covered":0,"skipped":0,"pct":0},"branches":{"total":4,"covered":0,"skipped":0,"pct":0}}
}
