TN:
SF:src/App.tsx
FN:12,App
FN:18,(anonymous_1)
FN:29,(anonymous_2)
FN:48,(anonymous_3)
FN:49,(anonymous_4)
FN:49,(anonymous_5)
FN:50,(anonymous_6)
FNF:7
FNH:0
FNDA:0,App
FNDA:0,(anonymous_1)
FNDA:0,(anonymous_2)
FNDA:0,(anonymous_3)
FNDA:0,(anonymous_4)
FNDA:0,(anonymous_5)
FNDA:0,(anonymous_6)
DA:13,0
DA:18,0
DA:19,0
DA:20,0
DA:21,0
DA:23,0
DA:24,0
DA:28,0
DA:29,0
DA:30,0
DA:31,0
DA:36,0
DA:40,0
DA:41,0
DA:42,0
DA:48,0
DA:49,0
DA:50,0
DA:51,0
DA:52,0
LF:20
LH:0
BRDA:19,0,0,0
BRDA:19,0,1,0
BRDA:25,1,0,0
BRDA:25,1,1,0
BRDA:31,2,0,0
BRDA:31,2,1,0
BRDA:40,3,0,0
BRDA:40,3,1,0
BRDA:42,4,0,0
BRDA:42,4,1,0
BRF:10
BRH:0
end_of_record
TN:
SF:src/components/BoatDetails.tsx
FN:20,BoatDetails
FN:83,Stat
FNF:2
FNH:2
FNDA:15,BoatDetails
FNDA:49,Stat
DA:1,1
DA:3,1
DA:20,15
DA:21,15
DA:22,15
DA:23,15
LF:6
LH:6
BRDA:22,0,0,15
BRDA:22,0,1,0
BRDA:29,1,0,15
BRDA:32,2,0,15
BRDA:39,3,0,15
BRDA:46,4,0,15
BRDA:53,5,0,15
BRDA:65,6,0,15
BRDA:85,7,0,15
BRDA:85,7,1,34
BRF:10
BRH:9
end_of_record
TN:
SF:src/components/BoatMarker.tsx
FN:28,BoatMarker
FN:33,(anonymous_1)
FN:41,(anonymous_2)
FNF:3
FNH:0
FNDA:0,BoatMarker
FNDA:0,(anonymous_1)
FNDA:0,(anonymous_2)
DA:14,0
DA:15,0
DA:29,0
DA:30,0
DA:32,0
DA:33,0
DA:36,0
DA:41,0
DA:42,0
DA:43,0
DA:44,0
DA:45,0
DA:50,0
LF:13
LH:0
BRDA:36,0,0,0
BRDA:36,0,1,0
BRDA:36,1,0,0
BRDA:36,1,1,0
BRDA:43,2,0,0
BRDA:43,2,1,0
BRDA:44,3,0,0
BRDA:44,3,1,0
BRDA:50,4,0,0
BRDA:50,4,1,0
BRF:10
BRH:0
end_of_record
TN:
SF:src/components/BoatPanel.tsx
FN:25,BoatPanel
FN:38,(anonymous_3)
FN:47,(anonymous_4)
FNF:3
FNH:1
FNDA:15,BoatPanel
FNDA:0,(anonymous_3)
FNDA:0,(anonymous_4)
DA:1,1
DA:4,1
DA:5,1
DA:25,15
DA:26,15
DA:28,15
DA:38,0
DA:47,0
LF:8
LH:6
BRDA:28,0,0,15
BRDA:28,0,1,0
BRDA:37,1,0,15
BRDA:37,1,1,0
BRDA:46,2,0,0
BRDA:46,2,1,15
BRDA:54,3,0,15
BRF:7
BRH:4
end_of_record
TN:
SF:src/components/BoatTrends.tsx
FN:21,BoatTrends
FNF:1
FNH:0
FNDA:0,BoatTrends
DA:3,1
DA:4,1
DA:21,0
DA:22,0
LF:4
LH:2
BRF:0
BRH:0
end_of_record
TN:
SF:src/components/Card.tsx
FN:11,Card
FNF:1
FNH:1
FNDA:65,Card
DA:11,65
LF:1
LH:1
BRDA:11,0,0,65
BRDA:11,1,0,34
BRDA:14,2,0,31
BRDA:14,2,1,34
BRF:4
BRH:4
end_of_record
TN:
SF:src/components/Footer.tsx
FN:29,Footer
FN:34,(anonymous_2)
FNF:2
FNH:2
FNDA:4,Footer
FNDA:24,(anonymous_2)
DA:2,1
DA:4,1
DA:13,1
DA:27,1
DA:29,4
DA:35,24
DA:36,24
LF:7
LH:7
BRDA:41,0,0,20
BRDA:41,0,1,4
BRDA:45,1,0,24
BRF:3
BRH:3
end_of_record
TN:
SF:src/components/Gallery.tsx
FN:13,Gallery
FN:19,(anonymous_1)
FN:26,(anonymous_2)
FNF:3
FNH:0
FNDA:0,Gallery
FNDA:0,(anonymous_1)
FNDA:0,(anonymous_2)
DA:20,0
DA:21,0
DA:26,0
LF:3
LH:0
BRDA:13,0,0,0
BRDA:21,1,0,0
BRDA:21,1,1,0
BRF:3
BRH:0
end_of_record
TN:
SF:src/components/Header.tsx
FN:20,Header
FN:25,(anonymous_1)
FN:29,(anonymous_2)
FN:32,(anonymous_3)
FN:35,(anonymous_4)
FN:36,(anonymous_5)
FN:39,(anonymous_6)
FN:41,(anonymous_7)
FN:85,(anonymous_8)
FN:90,(anonymous_9)
FNF:10
FNH:0
FNDA:0,Header
FNDA:0,(anonymous_1)
FNDA:0,(anonymous_2)
FNDA:0,(anonymous_3)
FNDA:0,(anonymous_4)
FNDA:0,(anonymous_5)
FNDA:0,(anonymous_6)
FNDA:0,(anonymous_7)
FNDA:0,(anonymous_8)
FNDA:0,(anonymous_9)
DA:12,0
DA:21,0
DA:22,0
DA:23,0
DA:25,0
DA:26,0
DA:27,0
DA:28,0
DA:29,0
DA:32,0
DA:33,0
DA:34,0
DA:35,0
DA:36,0
DA:39,0
DA:40,0
DA:41,0
DA:42,0
DA:86,0
DA:91,0
LF:20
LH:0
BRDA:26,0,0,0
BRDA:26,0,1,0
BRDA:33,1,0,0
BRDA:33,1,1,0
BRDA:40,2,0,0
BRDA:40,2,1,0
BRDA:49,3,0,0
BRDA:49,3,1,0
BRDA:92,4,0,0
BRDA:92,4,1,0
BRDA:108,5,0,0
BRDA:108,5,1,0
BRDA:109,6,0,0
BRDA:109,6,1,0
BRDA:113,7,0,0
BRDA:121,8,0,0
BRDA:121,8,1,0
BRDA:130,9,0,0
BRF:18
BRH:0
end_of_record
TN:
SF:src/components/Hyperlink.tsx
FN:25,url
FN:66,Hyperlink
FNF:2
FNH:0
FNDA:0,url
FNDA:0,Hyperlink
DA:26,0
DA:28,0
DA:30,0
DA:32,0
DA:67,0
DA:68,0
DA:69,0
DA:70,0
DA:72,0
DA:73,0
LF:10
LH:0
BRDA:26,0,0,0
BRDA:26,0,1,0
BRDA:28,1,0,0
BRDA:28,1,1,0
BRDA:66,2,0,0
BRDA:67,3,0,0
BRDA:67,3,1,0
BRDA:69,4,0,0
BRDA:69,4,1,0
BRDA:69,5,0,0
BRDA:69,5,1,0
BRDA:69,5,2,0
BRDA:70,6,0,0
BRDA:70,6,1,0
BRDA:70,7,0,0
BRDA:70,7,1,0
BRDA:70,7,2,0
BRDA:72,8,0,0
BRDA:72,8,1,0
BRDA:73,9,0,0
BRDA:73,9,1,0
BRF:21
BRH:0
end_of_record
TN:
SF:src/components/ImageModal.tsx
FN:10,ImageModal
FN:17,(anonymous_1)
FN:21,(anonymous_2)
FN:22,(anonymous_3)
FN:26,(anonymous_4)
FN:27,(anonymous_5)
FN:32,(anonymous_6)
FN:38,(anonymous_7)
FN:43,(anonymous_8)
FN:51,(anonymous_9)
FN:62,(anonymous_10)
FNF:11
FNH:0
FNDA:0,ImageModal
FNDA:0,(anonymous_1)
FNDA:0,(anonymous_2)
FNDA:0,(anonymous_3)
FNDA:0,(anonymous_4)
FNDA:0,(anonymous_5)
FNDA:0,(anonymous_6)
FNDA:0,(anonymous_7)
FNDA:0,(anonymous_8)
FNDA:0,(anonymous_9)
FNDA:0,(anonymous_10)
DA:11,0
DA:12,0
DA:13,0
DA:14,0
DA:17,0
DA:18,0
DA:19,0
DA:21,0
DA:22,0
DA:24,0
DA:25,0
DA:26,0
DA:27,0
DA:32,0
DA:33,0
DA:35,0
DA:36,0
DA:38,0
DA:39,0
DA:41,0
DA:43,0
DA:44,0
DA:45,0
DA:49,0
DA:51,0
DA:52,0
DA:63,0
LF:27
LH:0
BRDA:18,0,0,0
BRDA:18,0,1,0
BRDA:25,1,0,0
BRDA:25,1,1,0
BRDA:33,2,0,0
BRDA:33,2,1,0
BRDA:39,3,0,0
BRDA:39,3,1,0
BRDA:49,4,0,0
BRDA:49,4,1,0
BRDA:52,5,0,0
BRDA:52,5,1,0
BRDA:57,6,0,0
BRDA:57,6,1,0
BRDA:63,7,0,0
BRDA:63,7,1,0
BRDA:63,8,0,0
BRDA:63,8,1,0
BRDA:77,9,0,0
BRF:19
BRH:0
end_of_record
TN:
SF:src/components/TrendPlot.tsx
FN:39,TrendPlot
FN:45,(anonymous_2)
FN:48,(anonymous_3)
FN:53,(anonymous_4)
FN:54,(anonymous_5)
FN:57,(anonymous_6)
FN:61,(anonymous_7)
FN:80,(anonymous_8)
FN:93,(anonymous_9)
FN:96,(anonymous_10)
FN:108,(anonymous_11)
FNF:11
FNH:0
FNDA:0,TrendPlot
FNDA:0,(anonymous_2)
FNDA:0,(anonymous_3)
FNDA:0,(anonymous_4)
FNDA:0,(anonymous_5)
FNDA:0,(anonymous_6)
FNDA:0,(anonymous_7)
FNDA:0,(anonymous_8)
FNDA:0,(anonymous_9)
FNDA:0,(anonymous_10)
FNDA:0,(anonymous_11)
DA:1,1
DA:22,1
DA:23,1
DA:24,1
DA:25,1
DA:26,1
DA:29,1
DA:39,0
DA:45,0
DA:48,0
DA:49,0
DA:50,0
DA:51,0
DA:52,0
DA:53,0
DA:54,0
DA:57,0
DA:58,0
DA:59,0
DA:61,0
DA:62,0
DA:63,0
DA:66,0
DA:67,0
DA:68,0
DA:69,0
DA:71,0
DA:72,0
DA:73,0
DA:76,0
DA:77,0
DA:78,0
DA:80,0
DA:81,0
DA:82,0
DA:83,0
DA:86,0
DA:87,0
DA:88,0
DA:89,0
DA:90,0
DA:93,0
DA:95,0
DA:96,0
DA:99,0
DA:108,0
LF:46
LH:7
BRDA:45,0,0,0
BRDA:46,1,0,0
BRDA:49,2,0,0
BRDA:49,2,1,0
BRDA:53,3,0,0
BRDA:53,3,1,0
BRDA:58,4,0,0
BRDA:58,4,1,0
BRDA:66,5,0,0
BRDA:66,5,1,0
BRDA:89,6,0,0
BRDA:89,6,1,0
BRDA:89,7,0,0
BRDA:89,7,1,0
BRDA:89,7,2,0
BRDA:114,8,0,0
BRDA:145,9,0,0
BRDA:165,10,0,0
BRDA:170,11,0,0
BRDA:170,11,1,0
BRDA:182,12,0,0
BRF:21
BRH:0
end_of_record
TN:
SF:src/components/Waypoints.tsx
FN:25,Waypoints
FN:26,(anonymous_2)
FN:28,(anonymous_3)
FN:55,(anonymous_4)
FNF:4
FNH:4
FNDA:2,Waypoints
FNDA:1,(anonymous_2)
FNDA:3,(anonymous_3)
FNDA:6,(anonymous_4)
DA:1,1
DA:2,1
DA:25,2
DA:26,2
DA:28,3
DA:34,2
DA:35,2
DA:36,2
DA:38,2
DA:56,6
DA:57,6
DA:58,6
LF:12
LH:12
BRDA:38,0,0,0
BRDA:38,0,1,2
BRDA:42,1,0,2
BRDA:56,2,0,6
BRDA:56,2,1,6
BRDA:57,3,0,2
BRDA:57,3,1,4
BRF:7
BRH:6
end_of_record
TN:
SF:src/hooks/useBoatHistory.ts
FN:34,useBoatHistory
FN:39,(anonymous_2)
FN:45,(anonymous_3)
FN:57,(anonymous_4)
FN:62,(anonymous_5)
FNF:5
FNH:5
FNDA:30,useBoatHistory
FNDA:19,(anonymous_2)
FNDA:9,(anonymous_3)
FNDA:2,(anonymous_4)
FNDA:15,(anonymous_5)
DA:1,1
DA:22,1
DA:34,30
DA:35,30
DA:36,30
DA:37,30
DA:39,30
DA:40,19
DA:41,9
DA:42,9
DA:43,9
DA:45,9
DA:46,9
DA:47,9
DA:48,15
DA:49,14
DA:50,14
DA:55,14
DA:57,14
DA:58,14
DA:59,14
DA:62,15
DA:63,9
DA:64,14
DA:66,9
DA:70,30
LF:26
LH:26
BRDA:40,0,0,10
BRDA:40,0,1,9
BRDA:48,1,0,1
BRDA:48,1,1,14
BRDA:55,2,0,14
BRDA:55,2,1,12
BRDA:64,3,0,0
BRDA:64,3,1,14
BRF:8
BRH:7
end_of_record
TN:
SF:src/hooks/useTheme.ts
FN:7,getInitialTheme
FN:19,useTheme
FN:22,(anonymous_2)
FN:28,(anonymous_3)
FN:28,(anonymous_4)
FNF:5
FNH:0
FNDA:0,getInitialTheme
FNDA:0,useTheme
FNDA:0,(anonymous_2)
FNDA:0,(anonymous_3)
FNDA:0,(anonymous_4)
DA:5,0
DA:8,0
DA:9,0
DA:11,0
DA:12,0
DA:13,0
DA:14,0
DA:16,0
DA:20,0
DA:22,0
DA:23,0
DA:24,0
DA:25,0
DA:28,0
DA:30,0
LF:15
LH:0
BRDA:8,0,0,0
BRDA:8,0,1,0
BRDA:8,1,0,0
BRDA:8,1,1,0
BRDA:11,2,0,0
BRDA:11,2,1,0
BRDA:13,3,0,0
BRDA:13,3,1,0
BRDA:13,4,0,0
BRDA:13,4,1,0
BRDA:14,5,0,0
BRDA:14,5,1,0
BRDA:28,6,0,0
BRDA:28,6,1,0
BRF:14
BRH:0
end_of_record
TN:
SF:src/lib/telemetry.ts
FN:137,(anonymous_13)
FN:144,fetchJson
FN:151,(anonymous_15)
FN:156,(anonymous_16)
FN:205,isValidCoord
FN:210,positionFromStatus
FN:227,fetchAllInstances
FN:240,fetchBoatStatus
FN:253,fetchBoatStatusIfNew
FN:267,fetchWaypoints
FN:293,fetchFleetState
FN:297,(anonymous_24)
FN:317,(anonymous_25)
FN:340,headingToCompass
FN:359,formatSpeed
FN:365,formatLastSeen
FN:383,boatModeLabel
FNF:17
FNH:17
FNDA:6,(anonymous_13)
FNDA:66,fetchJson
FNDA:1,(anonymous_15)
FNDA:1,(anonymous_16)
FNDA:41,isValidCoord
FNDA:25,positionFromStatus
FNDA:19,fetchAllInstances
FNDA:21,fetchBoatStatus
FNDA:2,fetchBoatStatusIfNew
FNDA:24,fetchWaypoints
FNDA:15,fetchFleetState
FNDA:19,(anonymous_24)
FNDA:19,(anonymous_25)
FNDA:23,headingToCompass
FNDA:19,formatSpeed
FNDA:40,formatLastSeen
FNDA:15,boatModeLabel
DA:33,5
DA:135,2
DA:138,6
DA:139,6
DA:140,6
DA:145,66
DA:146,66
DA:150,66
DA:151,66
DA:155,66
DA:156,66
DA:157,66
DA:158,41
DA:159,0
DA:161,41
DA:165,66
DA:167,66
DA:168,66
DA:174,4
DA:175,0
DA:177,4
DA:179,0
DA:183,4
DA:186,61
DA:187,1
DA:193,60
DA:194,60
DA:196,0
DA:199,65
DA:200,65
DA:206,41
DA:210,6
DA:211,25
DA:212,22
DA:213,22
DA:217,19
DA:218,17
DA:220,3
DA:227,4
DA:228,19
DA:229,15
DA:230,1
DA:232,14
DA:240,2
DA:241,21
DA:242,20
DA:243,2
DA:245,18
DA:253,2
DA:254,2
DA:255,2
DA:256,1
DA:258,1
DA:267,5
DA:268,24
DA:269,23
DA:272,22
DA:273,22
DA:274,15
DA:275,12
DA:276,12
DA:277,10
DA:280,22
DA:293,15
DA:294,15
DA:296,13
DA:301,19
DA:305,19
DA:306,19
DA:307,19
DA:317,13
DA:318,19
DA:319,19
DA:322,0
DA:324,19
DA:325,19
DA:329,0
DA:340,23
DA:341,23
DA:344,21
DA:348,21
DA:349,21
DA:351,21
DA:352,21
DA:353,21
DA:355,21
DA:359,19
DA:360,19
DA:361,17
DA:365,40
DA:366,40
DA:367,37
DA:368,37
DA:369,2
DA:370,1
DA:371,1
DA:372,0
DA:373,0
DA:383,15
DA:384,15
DA:385,15
DA:386,0
DA:388,15
DA:389,0
DA:391,15
LF:105
LH:95
BRDA:33,0,0,2
BRDA:33,0,1,2
BRDA:144,1,0,25
BRDA:146,2,0,66
BRDA:146,2,1,66
BRDA:157,3,0,41
BRDA:157,3,1,25
BRDA:158,4,0,0
BRDA:158,4,1,41
BRDA:174,5,0,0
BRDA:174,5,1,4
BRDA:174,6,0,4
BRDA:174,6,1,0
BRDA:177,7,0,0
BRDA:177,7,1,4
BRDA:186,8,0,1
BRDA:186,8,1,60
BRDA:200,9,0,40
BRDA:200,9,1,25
BRDA:206,10,0,41
BRDA:206,10,1,39
BRDA:211,11,0,3
BRDA:211,11,1,22
BRDA:213,12,0,19
BRDA:213,12,1,3
BRDA:213,13,0,22
BRDA:213,13,1,19
BRDA:217,14,0,2
BRDA:217,14,1,17
BRDA:217,15,0,19
BRDA:217,15,1,2
BRDA:229,16,0,1
BRDA:229,16,1,14
BRDA:242,17,0,2
BRDA:242,17,1,18
BRDA:242,18,0,20
BRDA:242,18,1,20
BRDA:242,18,2,20
BRDA:255,19,0,1
BRDA:255,19,1,1
BRDA:255,20,0,2
BRDA:255,20,1,2
BRDA:255,20,2,2
BRDA:269,21,0,1
BRDA:269,21,1,22
BRDA:274,22,0,3
BRDA:274,22,1,12
BRDA:274,23,0,15
BRDA:274,23,1,14
BRDA:276,24,0,10
BRDA:276,24,1,2
BRDA:276,25,0,12
BRDA:276,25,1,10
BRDA:276,25,2,10
BRDA:276,25,3,10
BRDA:280,26,0,5
BRDA:280,26,1,17
BRDA:305,27,0,18
BRDA:305,27,1,1
BRDA:306,28,0,18
BRDA:306,28,1,1
BRDA:310,29,0,17
BRDA:310,29,1,2
BRDA:319,30,0,0
BRDA:319,30,1,19
BRDA:324,31,0,19
BRDA:324,31,1,0
BRDA:341,32,0,2
BRDA:341,32,1,21
BRDA:341,33,0,23
BRDA:341,33,1,22
BRDA:353,34,0,21
BRDA:353,34,1,0
BRDA:360,35,0,2
BRDA:360,35,1,17
BRDA:360,36,0,19
BRDA:360,36,1,18
BRDA:366,37,0,3
BRDA:366,37,1,37
BRDA:368,38,0,35
BRDA:368,38,1,2
BRDA:369,39,0,1
BRDA:369,39,1,1
BRDA:371,40,0,1
BRDA:371,40,1,0
BRDA:384,41,0,0
BRDA:384,41,1,15
BRDA:385,42,0,0
BRDA:385,42,1,15
BRDA:385,43,0,15
BRDA:385,43,1,15
BRDA:388,44,0,0
BRDA:388,44,1,15
BRDA:388,45,0,15
BRDA:388,45,1,15
BRDA:388,45,2,15
BRF:96
BRH:85
end_of_record
TN:
SF:src/lib/vtColors.ts
FN:157,byHex
FN:171,byCssVar
FNF:2
FNH:0
FNDA:0,byHex
FNDA:0,byCssVar
DA:49,1
DA:157,0
DA:158,0
DA:159,0
DA:160,0
DA:161,0
DA:164,0
DA:171,0
DA:172,0
DA:173,0
DA:174,0
DA:175,0
DA:178,0
LF:13
LH:1
BRDA:161,0,0,0
BRDA:161,0,1,0
BRDA:175,1,0,0
BRDA:175,1,1,0
BRF:4
BRH:0
end_of_record
TN:
SF:src/pages/Fleet.tsx
FN:18,(anonymous_0)
FN:154,Hotspot
FN:163,(anonymous_2)
FN:219,VesselImage
FN:245,(anonymous_4)
FN:263,VesselImageModal
FN:269,(anonymous_6)
FN:271,(anonymous_7)
FN:272,(anonymous_8)
FN:275,(anonymous_9)
FN:279,(anonymous_10)
FN:284,(anonymous_11)
FN:293,(anonymous_12)
FN:296,(anonymous_13)
FN:301,(anonymous_14)
FN:306,(anonymous_15)
FN:319,(anonymous_16)
FN:339,FleetCard
FN:347,(anonymous_18)
FN:371,(anonymous_19)
FN:401,Fleet
FN:406,(anonymous_21)
FN:427,(anonymous_22)
FN:430,(anonymous_23)
FNF:24
FNH:0
FNDA:0,(anonymous_0)
FNDA:0,Hotspot
FNDA:0,(anonymous_2)
FNDA:0,VesselImage
FNDA:0,(anonymous_4)
FNDA:0,VesselImageModal
FNDA:0,(anonymous_6)
FNDA:0,(anonymous_7)
FNDA:0,(anonymous_8)
FNDA:0,(anonymous_9)
FNDA:0,(anonymous_10)
FNDA:0,(anonymous_11)
FNDA:0,(anonymous_12)
FNDA:0,(anonymous_13)
FNDA:0,(anonymous_14)
FNDA:0,(anonymous_15)
FNDA:0,(anonymous_16)
FNDA:0,FleetCard
FNDA:0,(anonymous_18)
FNDA:0,(anonymous_19)
FNDA:0,Fleet
FNDA:0,(anonymous_21)
FNDA:0,(anonymous_22)
FNDA:0,(anonymous_23)
DA:18,0
DA:39,0
DA:155,0
DA:156,0
DA:163,0
DA:164,0
DA:165,0
DA:166,0
DA:167,0
DA:168,0
DA:169,0
DA:170,0
DA:173,0
DA:174,0
DA:175,0
DA:176,0
DA:177,0
DA:179,0
DA:180,0
DA:181,0
DA:182,0
DA:183,0
DA:185,0
DA:186,0
DA:188,0
DA:189,0
DA:192,0
DA:193,0
DA:196,0
DA:197,0
DA:220,0
DA:221,0
DA:222,0
DA:223,0
DA:246,0
DA:247,0
DA:248,0
DA:264,0
DA:265,0
DA:266,0
DA:267,0
DA:269,0
DA:270,0
DA:271,0
DA:272,0
DA:275,0
DA:276,0
DA:277,0
DA:279,0
DA:280,0
DA:282,0
DA:284,0
DA:285,0
DA:286,0
DA:293,0
DA:294,0
DA:295,0
DA:296,0
DA:297,0
DA:301,0
DA:302,0
DA:303,0
DA:306,0
DA:307,0
DA:310,0
DA:320,0
DA:348,0
DA:349,0
DA:350,0
DA:372,0
DA:402,0
DA:407,0
DA:427,0
DA:430,0
LF:74
LH:0
BRDA:18,0,0,0
BRDA:18,0,1,0
BRDA:166,1,0,0
BRDA:166,1,1,0
BRDA:166,2,0,0
BRDA:166,2,1,0
BRDA:168,3,0,0
BRDA:168,3,1,0
BRDA:182,4,0,0
BRDA:182,4,1,0
BRDA:183,5,0,0
BRDA:183,5,1,0
BRDA:186,6,0,0
BRDA:186,6,1,0
BRDA:189,7,0,0
BRDA:189,7,1,0
BRDA:193,8,0,0
BRDA:193,8,1,0
BRDA:204,9,0,0
BRDA:204,9,1,0
BRDA:220,10,0,0
BRDA:220,10,1,0
BRDA:221,11,0,0
BRDA:221,11,1,0
BRDA:222,12,0,0
BRDA:222,12,1,0
BRDA:222,13,0,0
BRDA:222,13,1,0
BRDA:223,14,0,0
BRDA:223,14,1,0
BRDA:223,15,0,0
BRDA:223,15,1,0
BRDA:234,16,0,0
BRDA:234,16,1,0
BRDA:235,17,0,0
BRDA:235,17,1,0
BRDA:238,18,0,0
BRDA:238,18,1,0
BRDA:242,19,0,0
BRDA:242,19,1,0
BRDA:280,20,0,0
BRDA:280,20,1,0
BRDA:307,21,0,0
BRDA:307,21,1,0
BRDA:310,22,0,0
BRDA:310,22,1,0
BRDA:314,23,0,0
BRDA:314,23,1,0
BRDA:320,24,0,0
BRDA:320,24,1,0
BRDA:320,25,0,0
BRDA:320,25,1,0
BRDA:348,26,0,0
BRDA:348,26,1,0
BRDA:348,27,0,0
BRDA:348,27,1,0
BRDA:369,28,0,0
BRDA:384,29,0,0
BRDA:384,29,1,0
BRDA:387,30,0,0
BRDA:410,31,0,0
BRDA:410,31,1,0
BRDA:416,32,0,0
BRDA:416,32,1,0
BRDA:419,33,0,0
BRDA:419,33,1,0
BRDA:430,34,0,0
BRF:67
BRH:0
end_of_record
TN:
SF:src/pages/Gallery.tsx
FN:28,Gallery
FN:38,(anonymous_1)
FN:43,(anonymous_2)
FN:68,(anonymous_3)
FNF:4
FNH:0
FNDA:0,Gallery
FNDA:0,(anonymous_1)
FNDA:0,(anonymous_2)
FNDA:0,(anonymous_3)
DA:10,0
DA:29,0
DA:39,0
DA:43,0
DA:68,0
LF:5
LH:0
BRF:0
BRH:0
end_of_record
TN:
SF:src/pages/Home.tsx
FN:19,Home
FN:64,(anonymous_1)
FNF:2
FNH:0
FNDA:0,Home
FNDA:0,(anonymous_1)
DA:12,0
DA:65,0
LF:2
LH:0
BRF:0
BRH:0
end_of_record
TN:
SF:src/pages/LiveMap.tsx
FN:30,collectPositions
FN:47,boundsOf
FN:50,(anonymous_4)
FN:61,CenterOnFirstData
FN:64,(anonymous_6)
FN:92,RecenterOnTrigger
FN:102,(anonymous_8)
FN:118,ScaleControl
FN:120,(anonymous_10)
FN:123,(anonymous_11)
FN:130,LiveMap
FN:151,(anonymous_13)
FN:174,(anonymous_14)
FN:176,(anonymous_15)
FN:182,(anonymous_16)
FN:190,(anonymous_17)
FN:197,(anonymous_18)
FN:197,(anonymous_19)
FN:198,(anonymous_20)
FN:198,(anonymous_21)
FN:206,(anonymous_22)
FN:208,(anonymous_23)
FN:225,(anonymous_24)
FN:227,(anonymous_25)
FN:239,(anonymous_26)
FN:241,(anonymous_27)
FN:251,(anonymous_28)
FN:251,(anonymous_29)
FN:252,(anonymous_30)
FN:318,(anonymous_31)
FN:323,(anonymous_32)
FN:465,(anonymous_33)
FNF:32
FNH:28
FNDA:6,collectPositions
FNDA:6,boundsOf
FNDA:9,(anonymous_4)
FNDA:15,CenterOnFirstData
FNDA:15,(anonymous_6)
FNDA:15,RecenterOnTrigger
FNDA:15,(anonymous_8)
FNDA:15,ScaleControl
FNDA:15,(anonymous_10)
FNDA:15,(anonymous_11)
FNDA:30,LiveMap
FNDA:11,(anonymous_13)
FNDA:10,(anonymous_14)
FNDA:1,(anonymous_15)
FNDA:0,(anonymous_16)
FNDA:10,(anonymous_17)
FNDA:19,(anonymous_18)
FNDA:15,(anonymous_19)
FNDA:19,(anonymous_20)
FNDA:15,(anonymous_21)
FNDA:19,(anonymous_22)
FNDA:14,(anonymous_23)
FNDA:26,(anonymous_24)
FNDA:9,(anonymous_25)
FNDA:26,(anonymous_26)
FNDA:9,(anonymous_27)
FNDA:0,(anonymous_28)
FNDA:0,(anonymous_29)
FNDA:0,(anonymous_30)
FNDA:1,(anonymous_31)
FNDA:30,(anonymous_32)
FNDA:2,(anonymous_33)
DA:1,1
DA:2,1
DA:3,1
DA:4,1
DA:5,1
DA:6,1
DA:7,1
DA:8,1
DA:9,1
DA:10,1
DA:17,1
DA:20,1
DA:23,1
DA:24,1
DA:31,6
DA:32,6
DA:33,6
DA:34,6
DA:35,1
DA:36,3
DA:40,6
DA:48,6
DA:49,6
DA:50,9
DA:51,6
DA:62,15
DA:63,15
DA:64,15
DA:65,15
DA:66,6
DA:67,6
DA:68,6
DA:69,6
DA:70,6
DA:72,15
DA:99,15
DA:100,15
DA:101,15
DA:102,15
DA:103,15
DA:104,0
DA:105,0
DA:106,0
DA:107,0
DA:108,0
DA:111,15
DA:119,15
DA:120,15
DA:121,15
DA:122,15
DA:123,15
DA:124,15
DA:127,15
DA:130,10
DA:131,30
DA:132,30
DA:133,30
DA:134,30
DA:135,30
DA:143,30
DA:147,30
DA:148,30
DA:149,30
DA:151,30
DA:153,11
DA:154,11
DA:155,11
DA:156,11
DA:157,11
DA:159,9
DA:160,9
DA:161,9
DA:162,9
DA:164,1
DA:166,1
DA:167,1
DA:169,10
DA:174,30
DA:175,10
DA:176,10
DA:177,1
DA:178,1
DA:179,1
DA:182,10
DA:183,0
DA:186,0
DA:188,10
DA:190,10
DA:191,10
DA:192,10
DA:193,10
DA:197,30
DA:198,30
DA:206,30
DA:207,19
DA:208,7
DA:209,14
DA:210,7
DA:211,7
DA:212,7
DA:213,7
DA:214,7
DA:225,30
DA:227,26
DA:228,26
DA:229,18
DA:230,18
DA:239,30
DA:240,26
DA:241,9
DA:242,8
DA:244,18
DA:249,30
DA:251,30
DA:252,30
DA:253,0
DA:254,0
DA:255,0
DA:263,30
DA:264,30
DA:266,30
DA:319,1
DA:324,30
DA:325,30
DA:326,30
DA:466,2
LF:126
LH:116
BRDA:33,0,0,6
BRDA:33,0,1,0
BRDA:34,1,0,1
BRDA:34,1,1,5
BRDA:49,2,0,0
BRDA:49,2,1,6
BRDA:65,3,0,9
BRDA:65,3,1,6
BRDA:66,4,0,0
BRDA:66,4,1,6
BRDA:68,5,0,0
BRDA:68,5,1,6
BRDA:103,6,0,15
BRDA:103,6,1,0
BRDA:105,7,0,0
BRDA:105,7,1,0
BRDA:107,8,0,0
BRDA:107,8,1,0
BRDA:159,9,0,0
BRDA:159,9,1,9
BRDA:164,10,0,0
BRDA:164,10,1,1
BRDA:166,11,0,1
BRDA:166,11,1,0
BRDA:166,12,0,0
BRDA:166,12,1,0
BRDA:169,13,0,10
BRDA:169,13,1,0
BRDA:177,14,0,0
BRDA:177,14,1,1
BRDA:178,15,0,0
BRDA:178,15,1,1
BRDA:186,16,0,0
BRDA:186,16,1,0
BRDA:192,17,0,10
BRDA:192,17,1,0
BRDA:207,18,0,12
BRDA:207,18,1,7
BRDA:209,19,0,7
BRDA:209,19,1,7
BRDA:210,20,0,7
BRDA:210,20,1,0
BRDA:211,21,0,7
BRDA:211,21,1,0
BRDA:212,22,0,0
BRDA:212,22,1,7
BRDA:213,23,0,0
BRDA:213,23,1,7
BRDA:213,24,0,7
BRDA:213,24,1,7
BRDA:227,25,0,26
BRDA:227,25,1,8
BRDA:228,26,0,8
BRDA:228,26,1,18
BRDA:229,27,0,18
BRDA:229,27,1,12
BRDA:230,28,0,6
BRDA:230,28,1,12
BRDA:240,29,0,8
BRDA:240,29,1,18
BRDA:242,30,0,8
BRDA:242,30,1,0
BRDA:294,31,0,10
BRDA:293,32,0,30
BRDA:293,32,1,10
BRDA:298,33,0,1
BRDA:304,34,0,15
BRDA:304,34,1,4
BRDA:312,35,0,30
BRDA:317,36,0,15
BRDA:317,36,1,6
BRDA:319,37,0,0
BRDA:319,37,1,1
BRDA:325,38,0,30
BRDA:325,38,1,0
BRDA:344,39,0,30
BRDA:344,39,1,1
BRDA:378,40,0,30
BRDA:381,41,0,15
BRDA:381,41,1,0
BRDA:416,42,0,15
BRDA:416,42,1,2
BRDA:416,42,2,2
BRDA:423,43,0,15
BRDA:423,43,1,15
BRDA:433,44,0,15
BRDA:448,45,0,30
BRDA:448,45,1,15
BRDA:448,45,2,14
BRDA:448,45,3,12
BRDA:461,46,0,30
BRDA:471,47,0,2
BRDA:471,47,1,0
BRF:93
BRH:64
end_of_record
TN:
SF:src/pages/OurTeam.tsx
FN:113,Description
FN:133,OurTeam
FN:135,(anonymous_2)
FN:137,(anonymous_3)
FN:143,(anonymous_4)
FN:164,(anonymous_5)
FN:178,(anonymous_6)
FN:190,(anonymous_7)
FNF:8
FNH:0
FNDA:0,Description
FNDA:0,OurTeam
FNDA:0,(anonymous_2)
FNDA:0,(anonymous_3)
FNDA:0,(anonymous_4)
FNDA:0,(anonymous_5)
FNDA:0,(anonymous_6)
FNDA:0,(anonymous_7)
DA:26,0
DA:116,0
DA:134,0
DA:135,0
DA:136,0
DA:137,0
DA:144,0
DA:165,0
DA:178,0
DA:190,0
LF:10
LH:0
BRDA:128,0,0,0
BRDA:128,0,1,0
BRDA:147,1,0,0
BRDA:147,1,1,0
BRDA:162,2,0,0
BRDA:174,3,0,0
BRF:6
BRH:0
end_of_record
TN:
SF:src/pages/Sponsors.tsx
FN:20,SponsorCard
FN:74,Sponsors
FN:92,(anonymous_2)
FNF:3
FNH:0
FNDA:0,SponsorCard
FNDA:0,Sponsors
FNDA:0,(anonymous_2)
DA:11,0
DA:93,0
LF:2
LH:0
BRDA:34,0,0,0
BRDA:51,1,0,0
BRDA:51,1,1,0
BRDA:66,2,0,0
BRF:4
BRH:0
end_of_record
